14
14
14
14
14
15
15
15
15
15
15
16
16
16
16
16
16
17
17
17
17
17
17
18
18
18
18
18
18
19
19
19
19
19
19
20
20
20
20
20
20
21
21
21
21
21
21
22
22
22
22
22
22
23
23
23
23
23
23
0
Last existing SW build in UTE files is FL17A_ENB_1000_000117_000000
Reservation 1372103 started for 770e07c3c8a3bed859db8ba8d5d0ef828c14aa30
0
Can't find any extendable reservation for 770e07c3c8a3bed859db8ba8d5d0ef828c14aa30
0
Can't find any extendable reservation for 770e07c3c8a3bed859db8ba8d5d0ef828c14aa30
0
Can't find any extendable reservation for 770e07c3c8a3bed859db8ba8d5d0ef828c14aa30
0
Can't extend reservation for 770e07c3c8a3bed859db8ba8d5d0ef828c14aa30
0
Can't extend reservation for 770e07c3c8a3bed859db8ba8d5d0ef828c14aa30
0
Can't extend reservation for 770e07c3c8a3bed859db8ba8d5d0ef828c14aa30
1
Can't extend reservation for 770e07c3c8a3bed859db8ba8d5d0ef828c14aa30
1
Can't extend reservation for 770e07c3c8a3bed859db8ba8d5d0ef828c14aa30
1
Can't extend reservation for 770e07c3c8a3bed859db8ba8d5d0ef828c14aa30
1
Can't extend reservation for 770e07c3c8a3bed859db8ba8d5d0ef828c14aa30
1
Can't extend reservation for 770e07c3c8a3bed859db8ba8d5d0ef828c14aa30
1
Can't extend reservation for 770e07c3c8a3bed859db8ba8d5d0ef828c14aa30
2
Can't extend reservation for 770e07c3c8a3bed859db8ba8d5d0ef828c14aa30
2
Can't extend reservation for 770e07c3c8a3bed859db8ba8d5d0ef828c14aa30
2
Can't extend reservation for 770e07c3c8a3bed859db8ba8d5d0ef828c14aa30
2
Can't extend reservation for 770e07c3c8a3bed859db8ba8d5d0ef828c14aa30
2
Can't extend reservation for 770e07c3c8a3bed859db8ba8d5d0ef828c14aa30
2
Can't extend reservation for 770e07c3c8a3bed859db8ba8d5d0ef828c14aa30
3
Can't extend reservation for 770e07c3c8a3bed859db8ba8d5d0ef828c14aa30
3
Can't extend reservation for 770e07c3c8a3bed859db8ba8d5d0ef828c14aa30
3
Can't extend reservation for 770e07c3c8a3bed859db8ba8d5d0ef828c14aa30
3
Can't extend reservation for 770e07c3c8a3bed859db8ba8d5d0ef828c14aa30
3
Can't extend reservation for 770e07c3c8a3bed859db8ba8d5d0ef828c14aa30
4
Can't extend reservation for 770e07c3c8a3bed859db8ba8d5d0ef828c14aa30
4
Can't extend reservation for 770e07c3c8a3bed859db8ba8d5d0ef828c14aa30
4
Can't extend reservation for 770e07c3c8a3bed859db8ba8d5d0ef828c14aa30
4
Can't extend reservation for 770e07c3c8a3bed859db8ba8d5d0ef828c14aa30
4
Can't extend reservation for 770e07c3c8a3bed859db8ba8d5d0ef828c14aa30
4
Can't extend reservation for 770e07c3c8a3bed859db8ba8d5d0ef828c14aa30
5
Can't extend reservation for 770e07c3c8a3bed859db8ba8d5d0ef828c14aa30
5
Can't extend reservation for 770e07c3c8a3bed859db8ba8d5d0ef828c14aa30
5
Can't extend reservation for 770e07c3c8a3bed859db8ba8d5d0ef828c14aa30
5
Can't extend reservation for 770e07c3c8a3bed859db8ba8d5d0ef828c14aa30
5
Can't extend reservation for 770e07c3c8a3bed859db8ba8d5d0ef828c14aa30
5
Can't extend reservation for 770e07c3c8a3bed859db8ba8d5d0ef828c14aa30
6
Can't extend reservation for 770e07c3c8a3bed859db8ba8d5d0ef828c14aa30
6
Can't extend reservation for 770e07c3c8a3bed859db8ba8d5d0ef828c14aa30
6
Can't extend reservation for 770e07c3c8a3bed859db8ba8d5d0ef828c14aa30
6
Can't extend reservation for 770e07c3c8a3bed859db8ba8d5d0ef828c14aa30
6
6
Can't extend reservation for 770e07c3c8a3bed859db8ba8d5d0ef828c14aa30
7
Can't extend reservation for 770e07c3c8a3bed859db8ba8d5d0ef828c14aa30
7
Can't extend reservation for 770e07c3c8a3bed859db8ba8d5d0ef828c14aa30
7
Can't extend reservation for 770e07c3c8a3bed859db8ba8d5d0ef828c14aa30
7
Can't extend reservation for 770e07c3c8a3bed859db8ba8d5d0ef828c14aa30
7
Can't extend reservation for 770e07c3c8a3bed859db8ba8d5d0ef828c14aa30
7
Can't extend reservation for 770e07c3c8a3bed859db8ba8d5d0ef828c14aa30
8
Can't extend reservation for 770e07c3c8a3bed859db8ba8d5d0ef828c14aa30
8
Can't extend reservation for 770e07c3c8a3bed859db8ba8d5d0ef828c14aa30
8
Can't extend reservation for 770e07c3c8a3bed859db8ba8d5d0ef828c14aa30
8
Can't extend reservation for 770e07c3c8a3bed859db8ba8d5d0ef828c14aa30
8
Can't extend reservation for 770e07c3c8a3bed859db8ba8d5d0ef828c14aa30
8
Can't extend reservation for 770e07c3c8a3bed859db8ba8d5d0ef828c14aa30
9
Can't extend reservation for 770e07c3c8a3bed859db8ba8d5d0ef828c14aa30
9
Can't extend reservation for 770e07c3c8a3bed859db8ba8d5d0ef828c14aa30
9
Can't extend reservation for 770e07c3c8a3bed859db8ba8d5d0ef828c14aa30
9
Can't extend reservation for 770e07c3c8a3bed859db8ba8d5d0ef828c14aa30
9
9
Can't extend reservation for 770e07c3c8a3bed859db8ba8d5d0ef828c14aa30
10
Can't extend reservation for 770e07c3c8a3bed859db8ba8d5d0ef828c14aa30
10
Can't extend reservation for 770e07c3c8a3bed859db8ba8d5d0ef828c14aa30
10
Can't extend reservation for 770e07c3c8a3bed859db8ba8d5d0ef828c14aa30
10
Can't extend reservation for 770e07c3c8a3bed859db8ba8d5d0ef828c14aa30
10
Can't extend reservation for 770e07c3c8a3bed859db8ba8d5d0ef828c14aa30
10
Can't extend reservation for 770e07c3c8a3bed859db8ba8d5d0ef828c14aa30
11
11
11
11
11
11
12
Release testline with id: 1372103 for 770e07c3c8a3bed859db8ba8d5d0ef828c14aa30
13
13
13
13
13
13
14
14
14
14
14
14
15
15
15
15
15
15
16
16
16
16
16
16
17
17
17
17
17
17
18
18
18
18
18
18
19
19
19
19
19
19
20
20
20
20
20
20
21
21
21
21
21
21
22
22
22
22
22
22
23
23
23
23
23
23
0
Last existing SW build in UTE files is FL17A_ENB_1000_000120_000000
Reservation 1372799 started for 770e07c3c8a3bed859db8ba8d5d0ef828c14aa30
0
Can't find any extendable reservation for 770e07c3c8a3bed859db8ba8d5d0ef828c14aa30
0
Can't find any extendable reservation for 770e07c3c8a3bed859db8ba8d5d0ef828c14aa30
0
Can't find any extendable reservation for 770e07c3c8a3bed859db8ba8d5d0ef828c14aa30
0
Can't extend reservation for 770e07c3c8a3bed859db8ba8d5d0ef828c14aa30
0
Can't extend reservation for 770e07c3c8a3bed859db8ba8d5d0ef828c14aa30
0
Can't extend reservation for 770e07c3c8a3bed859db8ba8d5d0ef828c14aa30
1
Can't extend reservation for 770e07c3c8a3bed859db8ba8d5d0ef828c14aa30
1
Can't extend reservation for 770e07c3c8a3bed859db8ba8d5d0ef828c14aa30
1
Can't extend reservation for 770e07c3c8a3bed859db8ba8d5d0ef828c14aa30
1
Can't extend reservation for 770e07c3c8a3bed859db8ba8d5d0ef828c14aa30
1
Can't extend reservation for 770e07c3c8a3bed859db8ba8d5d0ef828c14aa30
1
Can't extend reservation for 770e07c3c8a3bed859db8ba8d5d0ef828c14aa30
2
Can't extend reservation for 770e07c3c8a3bed859db8ba8d5d0ef828c14aa30
2
Can't extend reservation for 770e07c3c8a3bed859db8ba8d5d0ef828c14aa30
2
Can't extend reservation for 770e07c3c8a3bed859db8ba8d5d0ef828c14aa30
2
Can't extend reservation for 770e07c3c8a3bed859db8ba8d5d0ef828c14aa30
2
Can't extend reservation for 770e07c3c8a3bed859db8ba8d5d0ef828c14aa30
2
Can't extend reservation for 770e07c3c8a3bed859db8ba8d5d0ef828c14aa30
3
Can't extend reservation for 770e07c3c8a3bed859db8ba8d5d0ef828c14aa30
3
Can't extend reservation for 770e07c3c8a3bed859db8ba8d5d0ef828c14aa30
3
Can't extend reservation for 770e07c3c8a3bed859db8ba8d5d0ef828c14aa30
3
Can't extend reservation for 770e07c3c8a3bed859db8ba8d5d0ef828c14aa30
3
Can't extend reservation for 770e07c3c8a3bed859db8ba8d5d0ef828c14aa30
3
Can't extend reservation for 770e07c3c8a3bed859db8ba8d5d0ef828c14aa30
4
Can't extend reservation for 770e07c3c8a3bed859db8ba8d5d0ef828c14aa30
4
Can't extend reservation for 770e07c3c8a3bed859db8ba8d5d0ef828c14aa30
4
Can't extend reservation for 770e07c3c8a3bed859db8ba8d5d0ef828c14aa30
4
Can't extend reservation for 770e07c3c8a3bed859db8ba8d5d0ef828c14aa30
4
Can't extend reservation for 770e07c3c8a3bed859db8ba8d5d0ef828c14aa30
4
Can't extend reservation for 770e07c3c8a3bed859db8ba8d5d0ef828c14aa30
5
Can't extend reservation for 770e07c3c8a3bed859db8ba8d5d0ef828c14aa30
5
Can't extend reservation for 770e07c3c8a3bed859db8ba8d5d0ef828c14aa30
5
Can't extend reservation for 770e07c3c8a3bed859db8ba8d5d0ef828c14aa30
5
Can't extend reservation for 770e07c3c8a3bed859db8ba8d5d0ef828c14aa30
5
Can't extend reservation for 770e07c3c8a3bed859db8ba8d5d0ef828c14aa30
5
Can't extend reservation for 770e07c3c8a3bed859db8ba8d5d0ef828c14aa30
6
Can't extend reservation for 770e07c3c8a3bed859db8ba8d5d0ef828c14aa30
6
Can't extend reservation for 770e07c3c8a3bed859db8ba8d5d0ef828c14aa30
6
6
Can't extend reservation for 770e07c3c8a3bed859db8ba8d5d0ef828c14aa30
6
Can't extend reservation for 770e07c3c8a3bed859db8ba8d5d0ef828c14aa30
6
Can't extend reservation for 770e07c3c8a3bed859db8ba8d5d0ef828c14aa30
7
Can't extend reservation for 770e07c3c8a3bed859db8ba8d5d0ef828c14aa30
7
Can't extend reservation for 770e07c3c8a3bed859db8ba8d5d0ef828c14aa30
7
Can't extend reservation for 770e07c3c8a3bed859db8ba8d5d0ef828c14aa30
7
Can't extend reservation for 770e07c3c8a3bed859db8ba8d5d0ef828c14aa30
7
Can't extend reservation for 770e07c3c8a3bed859db8ba8d5d0ef828c14aa30
7
Can't extend reservation for 770e07c3c8a3bed859db8ba8d5d0ef828c14aa30
8
Can't extend reservation for 770e07c3c8a3bed859db8ba8d5d0ef828c14aa30
8
Can't extend reservation for 770e07c3c8a3bed859db8ba8d5d0ef828c14aa30
8
Can't extend reservation for 770e07c3c8a3bed859db8ba8d5d0ef828c14aa30
8
Can't extend reservation for 770e07c3c8a3bed859db8ba8d5d0ef828c14aa30
8
Can't extend reservation for 770e07c3c8a3bed859db8ba8d5d0ef828c14aa30
8
Can't extend reservation for 770e07c3c8a3bed859db8ba8d5d0ef828c14aa30
9
Can't extend reservation for 770e07c3c8a3bed859db8ba8d5d0ef828c14aa30
9
Can't extend reservation for 770e07c3c8a3bed859db8ba8d5d0ef828c14aa30
9
9
Can't extend reservation for 770e07c3c8a3bed859db8ba8d5d0ef828c14aa30
9
Can't extend reservation for 770e07c3c8a3bed859db8ba8d5d0ef828c14aa30
9
Can't extend reservation for 770e07c3c8a3bed859db8ba8d5d0ef828c14aa30
10
Can't extend reservation for 770e07c3c8a3bed859db8ba8d5d0ef828c14aa30
10
Can't extend reservation for 770e07c3c8a3bed859db8ba8d5d0ef828c14aa30
10
Can't extend reservation for 770e07c3c8a3bed859db8ba8d5d0ef828c14aa30
10
Can't extend reservation for 770e07c3c8a3bed859db8ba8d5d0ef828c14aa30
10
Can't extend reservation for 770e07c3c8a3bed859db8ba8d5d0ef828c14aa30
10
Can't extend reservation for 770e07c3c8a3bed859db8ba8d5d0ef828c14aa30
11
11
11
11
11
11
12
Release testline with id: 1372799 for 770e07c3c8a3bed859db8ba8d5d0ef828c14aa30
13
13
13
13
13
13
14
14
14
14
14
14
15
15
15
15
15
15
16
16
16
16
16
16
17
17
17
17
17
17
18
18
18
18
18
18
19
19
19
19
19
19
20
20
20
20
20
20
21
21
21
21
21
21
22
22
22
22
22
22
23
23
23
23
23
23
0
Last existing SW build in UTE files is FL17A_ENB_1000_000122_000000
Reservation 1372987 started for 770e07c3c8a3bed859db8ba8d5d0ef828c14aa30
0
Can't find any extendable reservation for 770e07c3c8a3bed859db8ba8d5d0ef828c14aa30
0
Can't find any extendable reservation for 770e07c3c8a3bed859db8ba8d5d0ef828c14aa30
0
Can't find any extendable reservation for 770e07c3c8a3bed859db8ba8d5d0ef828c14aa30
0
Can't extend reservation for 770e07c3c8a3bed859db8ba8d5d0ef828c14aa30
0
Can't extend reservation for 770e07c3c8a3bed859db8ba8d5d0ef828c14aa30
0
Can't extend reservation for 770e07c3c8a3bed859db8ba8d5d0ef828c14aa30
1
Can't extend reservation for 770e07c3c8a3bed859db8ba8d5d0ef828c14aa30
1
Can't extend reservation for 770e07c3c8a3bed859db8ba8d5d0ef828c14aa30
1
Can't extend reservation for 770e07c3c8a3bed859db8ba8d5d0ef828c14aa30
1
Can't extend reservation for 770e07c3c8a3bed859db8ba8d5d0ef828c14aa30
1
Can't extend reservation for 770e07c3c8a3bed859db8ba8d5d0ef828c14aa30
1
Can't extend reservation for 770e07c3c8a3bed859db8ba8d5d0ef828c14aa30
2
Can't extend reservation for 770e07c3c8a3bed859db8ba8d5d0ef828c14aa30
2
Can't extend reservation for 770e07c3c8a3bed859db8ba8d5d0ef828c14aa30
2
Can't extend reservation for 770e07c3c8a3bed859db8ba8d5d0ef828c14aa30
2
Can't extend reservation for 770e07c3c8a3bed859db8ba8d5d0ef828c14aa30
2
Can't extend reservation for 770e07c3c8a3bed859db8ba8d5d0ef828c14aa30
2
Can't extend reservation for 770e07c3c8a3bed859db8ba8d5d0ef828c14aa30
3
Can't extend reservation for 770e07c3c8a3bed859db8ba8d5d0ef828c14aa30
3
Can't extend reservation for 770e07c3c8a3bed859db8ba8d5d0ef828c14aa30
3
Can't extend reservation for 770e07c3c8a3bed859db8ba8d5d0ef828c14aa30
3
Can't extend reservation for 770e07c3c8a3bed859db8ba8d5d0ef828c14aa30
3
Can't extend reservation for 770e07c3c8a3bed859db8ba8d5d0ef828c14aa30
3
Can't extend reservation for 770e07c3c8a3bed859db8ba8d5d0ef828c14aa30
4
Can't extend reservation for 770e07c3c8a3bed859db8ba8d5d0ef828c14aa30
4
Can